2025-03-14T09:25:47.757+09:00  INFO 7644 --- [ch06] [Test worker] kr.co.ch06.dao.User1MapperTest           : Starting User1MapperTest using Java 17.0.12 with PID 7644 (started by lotte6 in C:\Users\lotte6\Desktop\workspace\Spring\ch06)
2025-03-14T09:25:47.765+09:00  INFO 7644 --- [ch06] [Test worker] kr.co.ch06.dao.User1MapperTest           : No active profile set, falling back to 1 default profile: "default"
2025-03-14T09:25:48.990+09:00  INFO 7644 --- [ch06] [Test worker] o.s.b.a.w.s.WelcomePageHandlerMapping    : Adding welcome page template: index
2025-03-14T09:25:49.323+09:00  INFO 7644 --- [ch06] [Test worker] kr.co.ch06.dao.User1MapperTest           : Started User1MapperTest in 1.866 seconds (process running for 2.959)
2025-03-14T09:25:50.090+09:00  INFO 7644 --- [ch06] [Test worker] com.zaxxer.hikari.HikariDataSource       : HikariPool-1 - Starting...
2025-03-14T09:25:50.410+09:00  INFO 7644 --- [ch06] [Test worker] com.zaxxer.hikari.pool.HikariPool        : HikariPool-1 - Added connection com.mysql.cj.jdbc.ConnectionImpl@c1386b4
2025-03-14T09:25:50.412+09:00  INFO 7644 --- [ch06] [Test worker] com.zaxxer.hikari.HikariDataSource       : HikariPool-1 - Start completed.
2025-03-14T09:25:50.503+09:00  INFO 7644 --- [ch06] [SpringApplicationShutdownHook] com.zaxxer.hikari.HikariDataSource       : HikariPool-1 - Shutdown initiated...
2025-03-14T09:25:50.509+09:00  INFO 7644 --- [ch06] [SpringApplicationShutdownHook] com.zaxxer.hikari.HikariDataSource       : HikariPool-1 - Shutdown completed.
2025-03-14T09:29:57.246+09:00  INFO 6400 --- [ch06] [Test worker] kr.co.ch06.dao.User1MapperTest           : Starting User1MapperTest using Java 17.0.12 with PID 6400 (started by lotte6 in C:\Users\lotte6\Desktop\workspace\Spring\ch06)
2025-03-14T09:29:57.248+09:00  INFO 6400 --- [ch06] [Test worker] kr.co.ch06.dao.User1MapperTest           : No active profile set, falling back to 1 default profile: "default"
2025-03-14T09:29:58.403+09:00  INFO 6400 --- [ch06] [Test worker] o.s.b.a.w.s.WelcomePageHandlerMapping    : Adding welcome page template: index
2025-03-14T09:29:58.735+09:00  INFO 6400 --- [ch06] [Test worker] kr.co.ch06.dao.User1MapperTest           : Started User1MapperTest in 1.777 seconds (process running for 2.818)
2025-03-14T09:29:59.451+09:00  INFO 6400 --- [ch06] [Test worker] com.zaxxer.hikari.HikariDataSource       : HikariPool-1 - Starting...
2025-03-14T09:29:59.723+09:00  INFO 6400 --- [ch06] [Test worker] com.zaxxer.hikari.pool.HikariPool        : HikariPool-1 - Added connection com.mysql.cj.jdbc.ConnectionImpl@6081f330
2025-03-14T09:29:59.725+09:00  INFO 6400 --- [ch06] [Test worker] com.zaxxer.hikari.HikariDataSource       : HikariPool-1 - Start completed.
2025-03-14T09:29:59.796+09:00  INFO 6400 --- [ch06] [SpringApplicationShutdownHook] com.zaxxer.hikari.HikariDataSource       : HikariPool-1 - Shutdown initiated...
2025-03-14T09:29:59.800+09:00  INFO 6400 --- [ch06] [SpringApplicationShutdownHook] com.zaxxer.hikari.HikariDataSource       : HikariPool-1 - Shutdown completed.
2025-03-14T09:34:45.039+09:00  INFO 7752 --- [ch06] [Test worker] kr.co.ch06.dao.User1MapperTest           : Starting User1MapperTest using Java 17.0.12 with PID 7752 (started by lotte6 in C:\Users\lotte6\Desktop\workspace\Spring\ch06)
2025-03-14T09:34:45.041+09:00  INFO 7752 --- [ch06] [Test worker] kr.co.ch06.dao.User1MapperTest           : No active profile set, falling back to 1 default profile: "default"
2025-03-14T09:34:46.178+09:00  INFO 7752 --- [ch06] [Test worker] o.s.b.a.w.s.WelcomePageHandlerMapping    : Adding welcome page template: index
2025-03-14T09:34:46.535+09:00  INFO 7752 --- [ch06] [Test worker] kr.co.ch06.dao.User1MapperTest           : Started User1MapperTest in 1.793 seconds (process running for 2.879)
2025-03-14T09:34:47.250+09:00  INFO 7752 --- [ch06] [Test worker] com.zaxxer.hikari.HikariDataSource       : HikariPool-1 - Starting...
2025-03-14T09:34:47.538+09:00  INFO 7752 --- [ch06] [Test worker] com.zaxxer.hikari.pool.HikariPool        : HikariPool-1 - Added connection com.mysql.cj.jdbc.ConnectionImpl@18ac25e6
2025-03-14T09:34:47.540+09:00  INFO 7752 --- [ch06] [Test worker] com.zaxxer.hikari.HikariDataSource       : HikariPool-1 - Start completed.
2025-03-14T09:34:47.610+09:00  INFO 7752 --- [ch06] [SpringApplicationShutdownHook] com.zaxxer.hikari.HikariDataSource       : HikariPool-1 - Shutdown initiated...
2025-03-14T09:34:47.613+09:00  INFO 7752 --- [ch06] [SpringApplicationShutdownHook] com.zaxxer.hikari.HikariDataSource       : HikariPool-1 - Shutdown completed.
2025-03-14T09:36:12.095+09:00  INFO 6200 --- [ch06] [Test worker] kr.co.ch06.dao.User1MapperTest           : Starting User1MapperTest using Java 17.0.12 with PID 6200 (started by lotte6 in C:\Users\lotte6\Desktop\workspace\Spring\ch06)
2025-03-14T09:36:12.097+09:00  INFO 6200 --- [ch06] [Test worker] kr.co.ch06.dao.User1MapperTest           : No active profile set, falling back to 1 default profile: "default"
2025-03-14T09:36:13.215+09:00  INFO 6200 --- [ch06] [Test worker] o.s.b.a.w.s.WelcomePageHandlerMapping    : Adding welcome page template: index
2025-03-14T09:36:13.538+09:00  INFO 6200 --- [ch06] [Test worker] kr.co.ch06.dao.User1MapperTest           : Started User1MapperTest in 1.723 seconds (process running for 2.802)
2025-03-14T09:36:14.265+09:00  INFO 6200 --- [ch06] [Test worker] com.zaxxer.hikari.HikariDataSource       : HikariPool-1 - Starting...
2025-03-14T09:36:14.552+09:00  INFO 6200 --- [ch06] [Test worker] com.zaxxer.hikari.pool.HikariPool        : HikariPool-1 - Added connection com.mysql.cj.jdbc.ConnectionImpl@74c04377
2025-03-14T09:36:14.554+09:00  INFO 6200 --- [ch06] [Test worker] com.zaxxer.hikari.HikariDataSource       : HikariPool-1 - Start completed.
2025-03-14T09:36:14.619+09:00  INFO 6200 --- [ch06] [SpringApplicationShutdownHook] com.zaxxer.hikari.HikariDataSource       : HikariPool-1 - Shutdown initiated...
2025-03-14T09:36:14.623+09:00  INFO 6200 --- [ch06] [SpringApplicationShutdownHook] com.zaxxer.hikari.HikariDataSource       : HikariPool-1 - Shutdown completed.
2025-03-14T09:39:19.286+09:00  INFO 3396 --- [ch06] [Test worker] kr.co.ch06.dao.User1MapperTest           : Starting User1MapperTest using Java 17.0.12 with PID 3396 (started by lotte6 in C:\Users\lotte6\Desktop\workspace\Spring\ch06)
2025-03-14T09:39:19.288+09:00  INFO 3396 --- [ch06] [Test worker] kr.co.ch06.dao.User1MapperTest           : No active profile set, falling back to 1 default profile: "default"
2025-03-14T09:39:20.421+09:00  INFO 3396 --- [ch06] [Test worker] o.s.b.a.w.s.WelcomePageHandlerMapping    : Adding welcome page template: index
2025-03-14T09:39:20.747+09:00  INFO 3396 --- [ch06] [Test worker] kr.co.ch06.dao.User1MapperTest           : Started User1MapperTest in 1.75 seconds (process running for 2.814)
2025-03-14T09:39:21.466+09:00  INFO 3396 --- [ch06] [Test worker] com.zaxxer.hikari.HikariDataSource       : HikariPool-1 - Starting...
2025-03-14T09:39:21.787+09:00  INFO 3396 --- [ch06] [Test worker] com.zaxxer.hikari.pool.HikariPool        : HikariPool-1 - Added connection com.mysql.cj.jdbc.ConnectionImpl@5e1a7d3
2025-03-14T09:39:21.789+09:00  INFO 3396 --- [ch06] [Test worker] com.zaxxer.hikari.HikariDataSource       : HikariPool-1 - Start completed.
2025-03-14T09:39:21.864+09:00  INFO 3396 --- [ch06] [SpringApplicationShutdownHook] com.zaxxer.hikari.HikariDataSource       : HikariPool-1 - Shutdown initiated...
2025-03-14T09:39:21.867+09:00  INFO 3396 --- [ch06] [SpringApplicationShutdownHook] com.zaxxer.hikari.HikariDataSource       : HikariPool-1 - Shutdown completed.
2025-03-14T09:41:38.616+09:00  INFO 10228 --- [ch06] [Test worker] kr.co.ch06.dao.User1MapperTest           : Starting User1MapperTest using Java 17.0.12 with PID 10228 (started by lotte6 in C:\Users\lotte6\Desktop\workspace\Spring\ch06)
2025-03-14T09:41:38.618+09:00  INFO 10228 --- [ch06] [Test worker] kr.co.ch06.dao.User1MapperTest           : No active profile set, falling back to 1 default profile: "default"
2025-03-14T09:41:39.739+09:00  INFO 10228 --- [ch06] [Test worker] o.s.b.a.w.s.WelcomePageHandlerMapping    : Adding welcome page template: index
2025-03-14T09:41:40.089+09:00  INFO 10228 --- [ch06] [Test worker] kr.co.ch06.dao.User1MapperTest           : Started User1MapperTest in 1.765 seconds (process running for 2.834)
2025-03-14T09:41:40.835+09:00  INFO 10228 --- [ch06] [Test worker] com.zaxxer.hikari.HikariDataSource       : HikariPool-1 - Starting...
2025-03-14T09:41:41.111+09:00  INFO 10228 --- [ch06] [Test worker] com.zaxxer.hikari.pool.HikariPool        : HikariPool-1 - Added connection com.mysql.cj.jdbc.ConnectionImpl@7eebb316
2025-03-14T09:41:41.113+09:00  INFO 10228 --- [ch06] [Test worker] com.zaxxer.hikari.HikariDataSource       : HikariPool-1 - Start completed.
2025-03-14T09:41:41.178+09:00  INFO 10228 --- [ch06] [SpringApplicationShutdownHook] com.zaxxer.hikari.HikariDataSource       : HikariPool-1 - Shutdown initiated...
2025-03-14T09:41:41.182+09:00  INFO 10228 --- [ch06] [SpringApplicationShutdownHook] com.zaxxer.hikari.HikariDataSource       : HikariPool-1 - Shutdown completed.
2025-03-14T09:45:34.521+09:00  INFO 14416 --- [ch06] [Test worker] kr.co.ch06.dao.User1MapperTest           : Starting User1MapperTest using Java 17.0.12 with PID 14416 (started by lotte6 in C:\Users\lotte6\Desktop\workspace\Spring\ch06)
2025-03-14T09:45:34.524+09:00  INFO 14416 --- [ch06] [Test worker] kr.co.ch06.dao.User1MapperTest           : No active profile set, falling back to 1 default profile: "default"
2025-03-14T09:45:35.675+09:00  INFO 14416 --- [ch06] [Test worker] o.s.b.a.w.s.WelcomePageHandlerMapping    : Adding welcome page template: index
2025-03-14T09:45:36.045+09:00  INFO 14416 --- [ch06] [Test worker] kr.co.ch06.dao.User1MapperTest           : Started User1MapperTest in 1.808 seconds (process running for 2.916)
2025-03-14T09:45:36.781+09:00  INFO 14416 --- [ch06] [Test worker] com.zaxxer.hikari.HikariDataSource       : HikariPool-1 - Starting...
2025-03-14T09:45:37.052+09:00  INFO 14416 --- [ch06] [Test worker] com.zaxxer.hikari.pool.HikariPool        : HikariPool-1 - Added connection com.mysql.cj.jdbc.ConnectionImpl@10fc1a22
2025-03-14T09:45:37.054+09:00  INFO 14416 --- [ch06] [Test worker] com.zaxxer.hikari.HikariDataSource       : HikariPool-1 - Start completed.
2025-03-14T09:45:37.165+09:00  INFO 14416 --- [ch06] [SpringApplicationShutdownHook] com.zaxxer.hikari.HikariDataSource       : HikariPool-1 - Shutdown initiated...
2025-03-14T09:45:37.243+09:00  INFO 14416 --- [ch06] [SpringApplicationShutdownHook] com.zaxxer.hikari.HikariDataSource       : HikariPool-1 - Shutdown completed.
2025-03-14T09:46:45.357+09:00  INFO 10696 --- [ch06] [Test worker] kr.co.ch06.dao.User1MapperTest           : Starting User1MapperTest using Java 17.0.12 with PID 10696 (started by lotte6 in C:\Users\lotte6\Desktop\workspace\Spring\ch06)
2025-03-14T09:46:45.358+09:00  INFO 10696 --- [ch06] [Test worker] kr.co.ch06.dao.User1MapperTest           : No active profile set, falling back to 1 default profile: "default"
2025-03-14T09:46:46.498+09:00  INFO 10696 --- [ch06] [Test worker] o.s.b.a.w.s.WelcomePageHandlerMapping    : Adding welcome page template: index
2025-03-14T09:46:46.827+09:00  INFO 10696 --- [ch06] [Test worker] kr.co.ch06.dao.User1MapperTest           : Started User1MapperTest in 1.749 seconds (process running for 2.832)
2025-03-14T09:46:47.553+09:00  INFO 10696 --- [ch06] [Test worker] com.zaxxer.hikari.HikariDataSource       : HikariPool-1 - Starting...
2025-03-14T09:46:47.830+09:00  INFO 10696 --- [ch06] [Test worker] com.zaxxer.hikari.pool.HikariPool        : HikariPool-1 - Added connection com.mysql.cj.jdbc.ConnectionImpl@47ffa248
2025-03-14T09:46:47.833+09:00  INFO 10696 --- [ch06] [Test worker] com.zaxxer.hikari.HikariDataSource       : HikariPool-1 - Start completed.
2025-03-14T09:46:47.959+09:00  INFO 10696 --- [ch06] [SpringApplicationShutdownHook] com.zaxxer.hikari.HikariDataSource       : HikariPool-1 - Shutdown initiated...
2025-03-14T09:46:48.005+09:00  INFO 10696 --- [ch06] [SpringApplicationShutdownHook] com.zaxxer.hikari.HikariDataSource       : HikariPool-1 - Shutdown completed.
2025-03-14T10:05:24.921+09:00  INFO 1728 --- [ch06] [Test worker] kr.co.ch06.dao.User1MapperTest           : Starting User1MapperTest using Java 17.0.12 with PID 1728 (started by lotte6 in C:\Users\lotte6\Desktop\workspace\Spring\ch06)
2025-03-14T10:05:24.922+09:00  INFO 1728 --- [ch06] [Test worker] kr.co.ch06.dao.User1MapperTest           : No active profile set, falling back to 1 default profile: "default"
2025-03-14T10:05:26.063+09:00  INFO 1728 --- [ch06] [Test worker] o.s.b.a.w.s.WelcomePageHandlerMapping    : Adding welcome page template: index
2025-03-14T10:05:26.386+09:00  INFO 1728 --- [ch06] [Test worker] kr.co.ch06.dao.User1MapperTest           : Started User1MapperTest in 1.736 seconds (process running for 2.827)
2025-03-14T10:05:27.165+09:00  INFO 1728 --- [ch06] [Test worker] com.zaxxer.hikari.HikariDataSource       : HikariPool-1 - Starting...
2025-03-14T10:05:27.475+09:00  INFO 1728 --- [ch06] [Test worker] com.zaxxer.hikari.pool.HikariPool        : HikariPool-1 - Added connection com.mysql.cj.jdbc.ConnectionImpl@6604f246
2025-03-14T10:05:27.477+09:00  INFO 1728 --- [ch06] [Test worker] com.zaxxer.hikari.HikariDataSource       : HikariPool-1 - Start completed.
2025-03-14T10:05:27.596+09:00  INFO 1728 --- [ch06] [SpringApplicationShutdownHook] com.zaxxer.hikari.HikariDataSource       : HikariPool-1 - Shutdown initiated...
2025-03-14T10:05:27.642+09:00  INFO 1728 --- [ch06] [SpringApplicationShutdownHook] com.zaxxer.hikari.HikariDataSource       : HikariPool-1 - Shutdown completed.
2025-03-14T10:09:59.385+09:00  INFO 7052 --- [ch06] [Test worker] kr.co.ch06.dao.User1MapperTest           : Starting User1MapperTest using Java 17.0.12 with PID 7052 (started by lotte6 in C:\Users\lotte6\Desktop\workspace\Spring\ch06)
2025-03-14T10:09:59.387+09:00  INFO 7052 --- [ch06] [Test worker] kr.co.ch06.dao.User1MapperTest           : No active profile set, falling back to 1 default profile: "default"
2025-03-14T10:10:00.563+09:00  INFO 7052 --- [ch06] [Test worker] o.s.b.a.w.s.WelcomePageHandlerMapping    : Adding welcome page template: index
2025-03-14T10:10:00.902+09:00  INFO 7052 --- [ch06] [Test worker] kr.co.ch06.dao.User1MapperTest           : Started User1MapperTest in 1.799 seconds (process running for 2.884)
2025-03-14T10:10:01.644+09:00  INFO 7052 --- [ch06] [Test worker] com.zaxxer.hikari.HikariDataSource       : HikariPool-1 - Starting...
2025-03-14T10:10:01.961+09:00  INFO 7052 --- [ch06] [Test worker] com.zaxxer.hikari.pool.HikariPool        : HikariPool-1 - Added connection com.mysql.cj.jdbc.ConnectionImpl@6604f246
2025-03-14T10:10:01.963+09:00  INFO 7052 --- [ch06] [Test worker] com.zaxxer.hikari.HikariDataSource       : HikariPool-1 - Start completed.
2025-03-14T10:10:02.091+09:00  INFO 7052 --- [ch06] [SpringApplicationShutdownHook] com.zaxxer.hikari.HikariDataSource       : HikariPool-1 - Shutdown initiated...
2025-03-14T10:10:02.140+09:00  INFO 7052 --- [ch06] [SpringApplicationShutdownHook] com.zaxxer.hikari.HikariDataSource       : HikariPool-1 - Shutdown completed.
2025-03-14T10:16:45.803+09:00  INFO 1400 --- [ch06] [Test worker] kr.co.ch06.service.User1ServiceTest      : Starting User1ServiceTest using Java 17.0.12 with PID 1400 (started by lotte6 in C:\Users\lotte6\Desktop\workspace\Spring\ch06)
2025-03-14T10:16:45.804+09:00  INFO 1400 --- [ch06] [Test worker] kr.co.ch06.service.User1ServiceTest      : No active profile set, falling back to 1 default profile: "default"
2025-03-14T10:16:46.978+09:00  INFO 1400 --- [ch06] [Test worker] o.s.b.a.w.s.WelcomePageHandlerMapping    : Adding welcome page template: index
2025-03-14T10:16:47.303+09:00  INFO 1400 --- [ch06] [Test worker] kr.co.ch06.service.User1ServiceTest      : Started User1ServiceTest in 1.781 seconds (process running for 2.913)
2025-03-14T10:16:48.008+09:00  INFO 1400 --- [ch06] [Test worker] com.zaxxer.hikari.HikariDataSource       : HikariPool-1 - Starting...
2025-03-14T10:16:48.294+09:00  INFO 1400 --- [ch06] [Test worker] com.zaxxer.hikari.pool.HikariPool        : HikariPool-1 - Added connection com.mysql.cj.jdbc.ConnectionImpl@4fef5792
2025-03-14T10:16:48.296+09:00  INFO 1400 --- [ch06] [Test worker] com.zaxxer.hikari.HikariDataSource       : HikariPool-1 - Start completed.
2025-03-14T10:16:48.366+09:00  INFO 1400 --- [ch06] [SpringApplicationShutdownHook] com.zaxxer.hikari.HikariDataSource       : HikariPool-1 - Shutdown initiated...
2025-03-14T10:16:48.370+09:00  INFO 1400 --- [ch06] [SpringApplicationShutdownHook] com.zaxxer.hikari.HikariDataSource       : HikariPool-1 - Shutdown completed.
2025-03-14T10:17:48.214+09:00  INFO 2988 --- [ch06] [Test worker] kr.co.ch06.service.User1ServiceTest      : Starting User1ServiceTest using Java 17.0.12 with PID 2988 (started by lotte6 in C:\Users\lotte6\Desktop\workspace\Spring\ch06)
2025-03-14T10:17:48.217+09:00  INFO 2988 --- [ch06] [Test worker] kr.co.ch06.service.User1ServiceTest      : No active profile set, falling back to 1 default profile: "default"
2025-03-14T10:17:49.365+09:00  INFO 2988 --- [ch06] [Test worker] o.s.b.a.w.s.WelcomePageHandlerMapping    : Adding welcome page template: index
2025-03-14T10:17:49.696+09:00  INFO 2988 --- [ch06] [Test worker] kr.co.ch06.service.User1ServiceTest      : Started User1ServiceTest in 1.756 seconds (process running for 2.868)
2025-03-14T10:17:50.438+09:00  INFO 2988 --- [ch06] [Test worker] com.zaxxer.hikari.HikariDataSource       : HikariPool-1 - Starting...
2025-03-14T10:17:50.750+09:00  INFO 2988 --- [ch06] [Test worker] com.zaxxer.hikari.pool.HikariPool        : HikariPool-1 - Added connection com.mysql.cj.jdbc.ConnectionImpl@191b44ca
2025-03-14T10:17:50.753+09:00  INFO 2988 --- [ch06] [Test worker] com.zaxxer.hikari.HikariDataSource       : HikariPool-1 - Start completed.
2025-03-14T10:17:50.840+09:00  INFO 2988 --- [ch06] [SpringApplicationShutdownHook] com.zaxxer.hikari.HikariDataSource       : HikariPool-1 - Shutdown initiated...
2025-03-14T10:17:50.846+09:00  INFO 2988 --- [ch06] [SpringApplicationShutdownHook] com.zaxxer.hikari.HikariDataSource       : HikariPool-1 - Shutdown completed.
2025-03-14T10:30:53.779+09:00  INFO 2680 --- [ch06] [Test worker] k.co.ch06.controller.Sub1ControllerTest  : Starting Sub1ControllerTest using Java 17.0.12 with PID 2680 (started by lotte6 in C:\Users\lotte6\Desktop\workspace\Spring\ch06)
2025-03-14T10:30:53.781+09:00  INFO 2680 --- [ch06] [Test worker] k.co.ch06.controller.Sub1ControllerTest  : No active profile set, falling back to 1 default profile: "default"
2025-03-14T10:30:54.908+09:00  INFO 2680 --- [ch06] [Test worker] o.s.b.a.w.s.WelcomePageHandlerMapping    : Adding welcome page template: index
2025-03-14T10:30:55.227+09:00  INFO 2680 --- [ch06] [Test worker] o.s.b.t.m.w.SpringBootMockServletContext : Initializing Spring TestDispatcherServlet ''
2025-03-14T10:30:55.227+09:00  INFO 2680 --- [ch06] [Test worker] o.s.t.web.servlet.TestDispatcherServlet  : Initializing Servlet ''
2025-03-14T10:30:55.229+09:00  INFO 2680 --- [ch06] [Test worker] o.s.t.web.servlet.TestDispatcherServlet  : Completed initialization in 1 ms
2025-03-14T10:30:55.264+09:00  INFO 2680 --- [ch06] [Test worker] k.co.ch06.controller.Sub1ControllerTest  : Started Sub1ControllerTest in 1.807 seconds (process running for 2.919)
2025-03-14T10:39:20.622+09:00  INFO 6120 --- [ch06] [Test worker] k.co.ch06.controller.Sub1ControllerTest  : Starting Sub1ControllerTest using Java 17.0.12 with PID 6120 (started by lotte6 in C:\Users\lotte6\Desktop\workspace\Spring\ch06)
2025-03-14T10:39:20.623+09:00  INFO 6120 --- [ch06] [Test worker] k.co.ch06.controller.Sub1ControllerTest  : No active profile set, falling back to 1 default profile: "default"
2025-03-14T10:39:21.755+09:00  INFO 6120 --- [ch06] [Test worker] o.s.b.a.w.s.WelcomePageHandlerMapping    : Adding welcome page template: index
2025-03-14T10:39:22.077+09:00  INFO 6120 --- [ch06] [Test worker] o.s.b.t.m.w.SpringBootMockServletContext : Initializing Spring TestDispatcherServlet ''
2025-03-14T10:39:22.077+09:00  INFO 6120 --- [ch06] [Test worker] o.s.t.web.servlet.TestDispatcherServlet  : Initializing Servlet ''
2025-03-14T10:39:22.078+09:00  INFO 6120 --- [ch06] [Test worker] o.s.t.web.servlet.TestDispatcherServlet  : Completed initialization in 1 ms
2025-03-14T10:39:22.112+09:00  INFO 6120 --- [ch06] [Test worker] k.co.ch06.controller.Sub1ControllerTest  : Started Sub1ControllerTest in 1.803 seconds (process running for 2.88)
2025-03-14T10:41:35.740+09:00  INFO 13164 --- [ch06] [Test worker] k.co.ch06.controller.Sub1ControllerTest  : Starting Sub1ControllerTest using Java 17.0.12 with PID 13164 (started by lotte6 in C:\Users\lotte6\Desktop\workspace\Spring\ch06)
2025-03-14T10:41:35.741+09:00  INFO 13164 --- [ch06] [Test worker] k.co.ch06.controller.Sub1ControllerTest  : No active profile set, falling back to 1 default profile: "default"
2025-03-14T10:41:36.872+09:00  INFO 13164 --- [ch06] [Test worker] o.s.b.a.w.s.WelcomePageHandlerMapping    : Adding welcome page template: index
2025-03-14T10:41:37.185+09:00  INFO 13164 --- [ch06] [Test worker] o.s.b.t.m.w.SpringBootMockServletContext : Initializing Spring TestDispatcherServlet ''
2025-03-14T10:41:37.186+09:00  INFO 13164 --- [ch06] [Test worker] o.s.t.web.servlet.TestDispatcherServlet  : Initializing Servlet ''
2025-03-14T10:41:37.187+09:00  INFO 13164 --- [ch06] [Test worker] o.s.t.web.servlet.TestDispatcherServlet  : Completed initialization in 1 ms
2025-03-14T10:41:37.220+09:00  INFO 13164 --- [ch06] [Test worker] k.co.ch06.controller.Sub1ControllerTest  : Started Sub1ControllerTest in 1.8 seconds (process running for 2.886)
2025-03-14T10:41:38.008+09:00  WARN 13164 --- [ch06] [Test worker] .w.s.m.s.DefaultHandlerExceptionResolver : Resolved [org.springframework.web.HttpRequestMethodNotSupportedException: Request method 'POST' is not supported]
