2025-03-16T19:23:37.074+09:00  INFO 19200 --- [greendae] [restartedMain] kr.co.greendae.GreendaeApplication       : Starting GreendaeApplication using Java 17.0.12 with PID 19200 (C:\Users\SonJunOh\Desktop\greendae\IntelliJ\greendae\build\classes\java\main started by SonJunOh in C:\Users\SonJunOh\Desktop\greendae)
2025-03-16T19:23:37.080+09:00  INFO 19200 --- [greendae] [restartedMain] kr.co.greendae.GreendaeApplication       : No active profile set, falling back to 1 default profile: "default"
2025-03-16T19:23:37.380+09:00  INFO 19200 --- [greendae] [restartedMain] .e.DevToolsPropertyDefaultsPostProcessor : Devtools property defaults active! Set 'spring.devtools.add-properties' to 'false' to disable
2025-03-16T19:23:37.383+09:00  INFO 19200 --- [greendae] [restartedMain] .e.DevToolsPropertyDefaultsPostProcessor : For additional web related logging consider setting the 'logging.level.web' property to 'DEBUG'
2025-03-16T19:23:41.652+09:00  WARN 19200 --- [greendae] [restartedMain] o.m.s.mapper.ClassPathMapperScanner      : No MyBatis mapper was found in '[kr.co.greendae]' package. Please check your configuration.
2025-03-16T19:23:43.923+09:00  INFO 19200 --- [greendae] [restartedMain] o.s.b.w.embedded.tomcat.TomcatWebServer  : Tomcat initialized with port 8080 (http)
2025-03-16T19:23:44.002+09:00  INFO 19200 --- [greendae] [restartedMain] o.apache.catalina.core.StandardService   : Starting service [Tomcat]
2025-03-16T19:23:44.003+09:00  INFO 19200 --- [greendae] [restartedMain] o.apache.catalina.core.StandardEngine    : Starting Servlet engine: [Apache Tomcat/10.1.36]
2025-03-16T19:23:44.319+09:00  INFO 19200 --- [greendae] [restartedMain] o.a.c.c.C.[.[localhost].[/greendae]      : Initializing Spring embedded WebApplicationContext
2025-03-16T19:23:44.320+09:00  INFO 19200 --- [greendae] [restartedMain] w.s.c.ServletWebServerApplicationContext : Root WebApplicationContext: initialization completed in 6933 ms
2025-03-16T19:23:44.821+09:00  INFO 19200 --- [greendae] [restartedMain] o.s.b.a.w.s.WelcomePageHandlerMapping    : Adding welcome page template: index
2025-03-16T19:23:46.341+09:00  INFO 19200 --- [greendae] [restartedMain] o.s.b.d.a.OptionalLiveReloadServer       : LiveReload server is running on port 35729
2025-03-16T19:23:46.430+09:00  INFO 19200 --- [greendae] [restartedMain] o.s.b.w.embedded.tomcat.TomcatWebServer  : Tomcat started on port 8080 (http) with context path '/greendae'
2025-03-16T19:23:46.451+09:00  INFO 19200 --- [greendae] [restartedMain] kr.co.greendae.GreendaeApplication       : Started GreendaeApplication in 11.529 seconds (process running for 16.251)
2025-03-16T19:26:02.200+09:00  INFO 19200 --- [greendae] [SpringApplicationShutdownHook] o.s.b.w.e.tomcat.GracefulShutdown        : Commencing graceful shutdown. Waiting for active requests to complete
2025-03-16T19:26:02.547+09:00  INFO 19200 --- [greendae] [tomcat-shutdown] o.s.b.w.e.tomcat.GracefulShutdown        : Graceful shutdown complete
2025-03-16T19:26:09.205+09:00  INFO 24076 --- [greendae] [restartedMain] kr.co.greendae.GreendaeApplication       : Starting GreendaeApplication using Java 17.0.12 with PID 24076 (C:\Users\SonJunOh\Desktop\greendae\IntelliJ\greendae\build\classes\java\main started by SonJunOh in C:\Users\SonJunOh\Desktop\greendae)
2025-03-16T19:26:09.211+09:00  INFO 24076 --- [greendae] [restartedMain] kr.co.greendae.GreendaeApplication       : No active profile set, falling back to 1 default profile: "default"
2025-03-16T19:26:09.348+09:00  INFO 24076 --- [greendae] [restartedMain] .e.DevToolsPropertyDefaultsPostProcessor : Devtools property defaults active! Set 'spring.devtools.add-properties' to 'false' to disable
2025-03-16T19:26:09.349+09:00  INFO 24076 --- [greendae] [restartedMain] .e.DevToolsPropertyDefaultsPostProcessor : For additional web related logging consider setting the 'logging.level.web' property to 'DEBUG'
2025-03-16T19:26:10.894+09:00  WARN 24076 --- [greendae] [restartedMain] o.m.s.mapper.ClassPathMapperScanner      : No MyBatis mapper was found in '[kr.co.greendae]' package. Please check your configuration.
2025-03-16T19:26:11.514+09:00  INFO 24076 --- [greendae] [restartedMain] o.s.b.w.embedded.tomcat.TomcatWebServer  : Tomcat initialized with port 8080 (http)
2025-03-16T19:26:11.542+09:00  INFO 24076 --- [greendae] [restartedMain] o.apache.catalina.core.StandardService   : Starting service [Tomcat]
2025-03-16T19:26:11.543+09:00  INFO 24076 --- [greendae] [restartedMain] o.apache.catalina.core.StandardEngine    : Starting Servlet engine: [Apache Tomcat/10.1.36]
2025-03-16T19:26:11.625+09:00  INFO 24076 --- [greendae] [restartedMain] o.a.c.c.C.[.[localhost].[/greendae]      : Initializing Spring embedded WebApplicationContext
2025-03-16T19:26:11.626+09:00  INFO 24076 --- [greendae] [restartedMain] w.s.c.ServletWebServerApplicationContext : Root WebApplicationContext: initialization completed in 2276 ms
2025-03-16T19:26:11.793+09:00  INFO 24076 --- [greendae] [restartedMain] o.s.b.a.w.s.WelcomePageHandlerMapping    : Adding welcome page template: index
2025-03-16T19:26:12.686+09:00  INFO 24076 --- [greendae] [restartedMain] o.s.b.d.a.OptionalLiveReloadServer       : LiveReload server is running on port 35729
2025-03-16T19:26:12.772+09:00  INFO 24076 --- [greendae] [restartedMain] o.s.b.w.embedded.tomcat.TomcatWebServer  : Tomcat started on port 8080 (http) with context path '/greendae'
2025-03-16T19:26:12.790+09:00  INFO 24076 --- [greendae] [restartedMain] kr.co.greendae.GreendaeApplication       : Started GreendaeApplication in 4.796 seconds (process running for 6.931)
2025-03-16T19:27:10.455+09:00  INFO 24076 --- [greendae] [SpringApplicationShutdownHook] o.s.b.w.e.tomcat.GracefulShutdown        : Commencing graceful shutdown. Waiting for active requests to complete
2025-03-16T19:27:10.696+09:00  INFO 24076 --- [greendae] [tomcat-shutdown] o.s.b.w.e.tomcat.GracefulShutdown        : Graceful shutdown complete
2025-03-16T19:27:14.593+09:00  INFO 7984 --- [greendae] [restartedMain] kr.co.greendae.GreendaeApplication       : Starting GreendaeApplication using Java 17.0.12 with PID 7984 (C:\Users\SonJunOh\Desktop\greendae\IntelliJ\greendae\build\classes\java\main started by SonJunOh in C:\Users\SonJunOh\Desktop\greendae)
2025-03-16T19:27:14.598+09:00  INFO 7984 --- [greendae] [restartedMain] kr.co.greendae.GreendaeApplication       : No active profile set, falling back to 1 default profile: "default"
2025-03-16T19:27:14.678+09:00  INFO 7984 --- [greendae] [restartedMain] .e.DevToolsPropertyDefaultsPostProcessor : Devtools property defaults active! Set 'spring.devtools.add-properties' to 'false' to disable
2025-03-16T19:27:14.679+09:00  INFO 7984 --- [greendae] [restartedMain] .e.DevToolsPropertyDefaultsPostProcessor : For additional web related logging consider setting the 'logging.level.web' property to 'DEBUG'
2025-03-16T19:27:16.099+09:00  WARN 7984 --- [greendae] [restartedMain] o.m.s.mapper.ClassPathMapperScanner      : No MyBatis mapper was found in '[kr.co.greendae]' package. Please check your configuration.
2025-03-16T19:27:16.899+09:00  INFO 7984 --- [greendae] [restartedMain] o.s.b.w.embedded.tomcat.TomcatWebServer  : Tomcat initialized with port 8080 (http)
2025-03-16T19:27:16.924+09:00  INFO 7984 --- [greendae] [restartedMain] o.apache.catalina.core.StandardService   : Starting service [Tomcat]
2025-03-16T19:27:16.925+09:00  INFO 7984 --- [greendae] [restartedMain] o.apache.catalina.core.StandardEngine    : Starting Servlet engine: [Apache Tomcat/10.1.36]
2025-03-16T19:27:17.028+09:00  INFO 7984 --- [greendae] [restartedMain] o.a.c.c.C.[.[localhost].[/greendae]      : Initializing Spring embedded WebApplicationContext
2025-03-16T19:27:17.028+09:00  INFO 7984 --- [greendae] [restartedMain] w.s.c.ServletWebServerApplicationContext : Root WebApplicationContext: initialization completed in 2348 ms
2025-03-16T19:27:17.249+09:00  INFO 7984 --- [greendae] [restartedMain] o.s.b.a.w.s.WelcomePageHandlerMapping    : Adding welcome page template: index
2025-03-16T19:27:18.153+09:00  INFO 7984 --- [greendae] [restartedMain] o.s.b.d.a.OptionalLiveReloadServer       : LiveReload server is running on port 35729
2025-03-16T19:27:18.203+09:00  INFO 7984 --- [greendae] [restartedMain] o.s.b.w.embedded.tomcat.TomcatWebServer  : Tomcat started on port 8080 (http) with context path '/greendae'
2025-03-16T19:27:18.219+09:00  INFO 7984 --- [greendae] [restartedMain] kr.co.greendae.GreendaeApplication       : Started GreendaeApplication in 4.517 seconds (process running for 5.712)
2025-03-16T19:32:23.946+09:00  INFO 7984 --- [greendae] [SpringApplicationShutdownHook] o.s.b.w.e.tomcat.GracefulShutdown        : Commencing graceful shutdown. Waiting for active requests to complete
2025-03-16T19:32:24.133+09:00  INFO 7984 --- [greendae] [tomcat-shutdown] o.s.b.w.e.tomcat.GracefulShutdown        : Graceful shutdown complete
2025-03-16T19:32:32.527+09:00  INFO 4244 --- [greendae] [restartedMain] kr.co.greendae.GreendaeApplication       : Starting GreendaeApplication using Java 17.0.12 with PID 4244 (C:\Users\SonJunOh\Desktop\greendae\IntelliJ\greendae\build\classes\java\main started by SonJunOh in C:\Users\SonJunOh\Desktop\greendae)
2025-03-16T19:32:32.535+09:00  INFO 4244 --- [greendae] [restartedMain] kr.co.greendae.GreendaeApplication       : No active profile set, falling back to 1 default profile: "default"
2025-03-16T19:32:32.739+09:00  INFO 4244 --- [greendae] [restartedMain] .e.DevToolsPropertyDefaultsPostProcessor : Devtools property defaults active! Set 'spring.devtools.add-properties' to 'false' to disable
2025-03-16T19:32:32.740+09:00  INFO 4244 --- [greendae] [restartedMain] .e.DevToolsPropertyDefaultsPostProcessor : For additional web related logging consider setting the 'logging.level.web' property to 'DEBUG'
2025-03-16T19:32:36.885+09:00  WARN 4244 --- [greendae] [restartedMain] o.m.s.mapper.ClassPathMapperScanner      : No MyBatis mapper was found in '[kr.co.greendae]' package. Please check your configuration.
2025-03-16T19:32:38.443+09:00  INFO 4244 --- [greendae] [restartedMain] o.s.b.w.embedded.tomcat.TomcatWebServer  : Tomcat initialized with port 8080 (http)
2025-03-16T19:32:38.493+09:00  INFO 4244 --- [greendae] [restartedMain] o.apache.catalina.core.StandardService   : Starting service [Tomcat]
2025-03-16T19:32:38.495+09:00  INFO 4244 --- [greendae] [restartedMain] o.apache.catalina.core.StandardEngine    : Starting Servlet engine: [Apache Tomcat/10.1.36]
2025-03-16T19:32:38.699+09:00  INFO 4244 --- [greendae] [restartedMain] o.a.c.c.C.[.[localhost].[/greendae]      : Initializing Spring embedded WebApplicationContext
2025-03-16T19:32:38.700+09:00  INFO 4244 --- [greendae] [restartedMain] w.s.c.ServletWebServerApplicationContext : Root WebApplicationContext: initialization completed in 5957 ms
2025-03-16T19:32:39.142+09:00  INFO 4244 --- [greendae] [restartedMain] o.s.b.a.w.s.WelcomePageHandlerMapping    : Adding welcome page template: index
2025-03-16T19:32:40.306+09:00  INFO 4244 --- [greendae] [restartedMain] o.s.b.d.a.OptionalLiveReloadServer       : LiveReload server is running on port 35729
2025-03-16T19:32:40.382+09:00  INFO 4244 --- [greendae] [restartedMain] o.s.b.w.embedded.tomcat.TomcatWebServer  : Tomcat started on port 8080 (http) with context path '/greendae'
2025-03-16T19:32:40.401+09:00  INFO 4244 --- [greendae] [restartedMain] kr.co.greendae.GreendaeApplication       : Started GreendaeApplication in 9.421 seconds (process running for 11.073)
2025-03-16T20:05:55.039+09:00  INFO 4244 --- [greendae] [SpringApplicationShutdownHook] o.s.b.w.e.tomcat.GracefulShutdown        : Commencing graceful shutdown. Waiting for active requests to complete
2025-03-16T20:05:55.538+09:00  INFO 4244 --- [greendae] [tomcat-shutdown] o.s.b.w.e.tomcat.GracefulShutdown        : Graceful shutdown complete
2025-03-16T20:06:02.579+09:00  INFO 11228 --- [greendae] [restartedMain] kr.co.greendae.GreendaeApplication       : Starting GreendaeApplication using Java 17.0.12 with PID 11228 (C:\Users\SonJunOh\Desktop\greendae\IntelliJ\greendae\build\classes\java\main started by SonJunOh in C:\Users\SonJunOh\Desktop\greendae)
2025-03-16T20:06:02.591+09:00  INFO 11228 --- [greendae] [restartedMain] kr.co.greendae.GreendaeApplication       : No active profile set, falling back to 1 default profile: "default"
2025-03-16T20:06:02.764+09:00  INFO 11228 --- [greendae] [restartedMain] .e.DevToolsPropertyDefaultsPostProcessor : Devtools property defaults active! Set 'spring.devtools.add-properties' to 'false' to disable
2025-03-16T20:06:02.765+09:00  INFO 11228 --- [greendae] [restartedMain] .e.DevToolsPropertyDefaultsPostProcessor : For additional web related logging consider setting the 'logging.level.web' property to 'DEBUG'
2025-03-16T20:06:04.608+09:00  WARN 11228 --- [greendae] [restartedMain] o.m.s.mapper.ClassPathMapperScanner      : No MyBatis mapper was found in '[kr.co.greendae]' package. Please check your configuration.
2025-03-16T20:06:05.502+09:00  INFO 11228 --- [greendae] [restartedMain] o.s.b.w.embedded.tomcat.TomcatWebServer  : Tomcat initialized with port 8080 (http)
2025-03-16T20:06:05.544+09:00  INFO 11228 --- [greendae] [restartedMain] o.apache.catalina.core.StandardService   : Starting service [Tomcat]
2025-03-16T20:06:05.545+09:00  INFO 11228 --- [greendae] [restartedMain] o.apache.catalina.core.StandardEngine    : Starting Servlet engine: [Apache Tomcat/10.1.36]
2025-03-16T20:06:05.700+09:00  INFO 11228 --- [greendae] [restartedMain] o.a.c.c.C.[.[localhost].[/greendae]      : Initializing Spring embedded WebApplicationContext
2025-03-16T20:06:05.701+09:00  INFO 11228 --- [greendae] [restartedMain] w.s.c.ServletWebServerApplicationContext : Root WebApplicationContext: initialization completed in 2934 ms
2025-03-16T20:06:05.947+09:00  INFO 11228 --- [greendae] [restartedMain] o.s.b.a.w.s.WelcomePageHandlerMapping    : Adding welcome page template: index
2025-03-16T20:06:06.982+09:00  INFO 11228 --- [greendae] [restartedMain] o.s.b.d.a.OptionalLiveReloadServer       : LiveReload server is running on port 35729
2025-03-16T20:06:07.073+09:00  INFO 11228 --- [greendae] [restartedMain] o.s.b.w.embedded.tomcat.TomcatWebServer  : Tomcat started on port 8080 (http) with context path '/greendae'
2025-03-16T20:06:07.101+09:00  INFO 11228 --- [greendae] [restartedMain] kr.co.greendae.GreendaeApplication       : Started GreendaeApplication in 5.797 seconds (process running for 7.951)
2025-03-16T20:10:35.518+09:00  INFO 11228 --- [greendae] [SpringApplicationShutdownHook] o.s.b.w.e.tomcat.GracefulShutdown        : Commencing graceful shutdown. Waiting for active requests to complete
2025-03-16T20:10:35.735+09:00  INFO 11228 --- [greendae] [tomcat-shutdown] o.s.b.w.e.tomcat.GracefulShutdown        : Graceful shutdown complete
2025-03-16T20:10:39.299+09:00  INFO 8644 --- [greendae] [restartedMain] kr.co.greendae.GreendaeApplication       : Starting GreendaeApplication using Java 17.0.12 with PID 8644 (C:\Users\SonJunOh\Desktop\greendae\IntelliJ\greendae\build\classes\java\main started by SonJunOh in C:\Users\SonJunOh\Desktop\greendae)
2025-03-16T20:10:39.302+09:00  INFO 8644 --- [greendae] [restartedMain] kr.co.greendae.GreendaeApplication       : No active profile set, falling back to 1 default profile: "default"
2025-03-16T20:10:39.353+09:00  INFO 8644 --- [greendae] [restartedMain] .e.DevToolsPropertyDefaultsPostProcessor : Devtools property defaults active! Set 'spring.devtools.add-properties' to 'false' to disable
2025-03-16T20:10:39.354+09:00  INFO 8644 --- [greendae] [restartedMain] .e.DevToolsPropertyDefaultsPostProcessor : For additional web related logging consider setting the 'logging.level.web' property to 'DEBUG'
2025-03-16T20:10:40.252+09:00  WARN 8644 --- [greendae] [restartedMain] o.m.s.mapper.ClassPathMapperScanner      : No MyBatis mapper was found in '[kr.co.greendae]' package. Please check your configuration.
2025-03-16T20:10:40.664+09:00  INFO 8644 --- [greendae] [restartedMain] o.s.b.w.embedded.tomcat.TomcatWebServer  : Tomcat initialized with port 8080 (http)
2025-03-16T20:10:40.682+09:00  INFO 8644 --- [greendae] [restartedMain] o.apache.catalina.core.StandardService   : Starting service [Tomcat]
2025-03-16T20:10:40.682+09:00  INFO 8644 --- [greendae] [restartedMain] o.apache.catalina.core.StandardEngine    : Starting Servlet engine: [Apache Tomcat/10.1.36]
2025-03-16T20:10:40.740+09:00  INFO 8644 --- [greendae] [restartedMain] o.a.c.c.C.[.[localhost].[/greendae]      : Initializing Spring embedded WebApplicationContext
2025-03-16T20:10:40.741+09:00  INFO 8644 --- [greendae] [restartedMain] w.s.c.ServletWebServerApplicationContext : Root WebApplicationContext: initialization completed in 1387 ms
2025-03-16T20:10:40.846+09:00  INFO 8644 --- [greendae] [restartedMain] o.s.b.a.w.s.WelcomePageHandlerMapping    : Adding welcome page template: index
2025-03-16T20:10:41.333+09:00  INFO 8644 --- [greendae] [restartedMain] o.s.b.d.a.OptionalLiveReloadServer       : LiveReload server is running on port 35729
2025-03-16T20:10:41.375+09:00  INFO 8644 --- [greendae] [restartedMain] o.s.b.w.embedded.tomcat.TomcatWebServer  : Tomcat started on port 8080 (http) with context path '/greendae'
2025-03-16T20:10:41.386+09:00  INFO 8644 --- [greendae] [restartedMain] kr.co.greendae.GreendaeApplication       : Started GreendaeApplication in 2.65 seconds (process running for 3.832)
