2025-03-31T12:50:54.486+09:00  INFO 10980 --- [ch10] [restartedMain] kr.co.ch10.Ch10Application               : Starting Ch10Application using Java 17.0.12 with PID 10980 (C:\Users\lotte6\Desktop\workspace\Spring\ch10\build\classes\java\main started by lotte6 in C:\Users\lotte6\Desktop\workspace\Spring\ch10)
2025-03-31T12:50:54.496+09:00  INFO 10980 --- [ch10] [restartedMain] kr.co.ch10.Ch10Application               : No active profile set, falling back to 1 default profile: "default"
2025-03-31T12:50:54.575+09:00  INFO 10980 --- [ch10] [restartedMain] .e.DevToolsPropertyDefaultsPostProcessor : Devtools property defaults active! Set 'spring.devtools.add-properties' to 'false' to disable
2025-03-31T12:50:54.576+09:00  INFO 10980 --- [ch10] [restartedMain] .e.DevToolsPropertyDefaultsPostProcessor : For additional web related logging consider setting the 'logging.level.web' property to 'DEBUG'
2025-03-31T12:50:55.374+09:00  INFO 10980 --- [ch10] [restartedMain] .s.d.r.c.RepositoryConfigurationDelegate : Bootstrapping Spring Data JPA repositories in DEFAULT mode.
2025-03-31T12:50:55.428+09:00  INFO 10980 --- [ch10] [restartedMain] .s.d.r.c.RepositoryConfigurationDelegate : Finished Spring Data repository scanning in 45 ms. Found 1 JPA repository interface.
2025-03-31T12:50:56.075+09:00  INFO 10980 --- [ch10] [restartedMain] o.s.b.w.embedded.tomcat.TomcatWebServer  : Tomcat initialized with port 8080 (http)
2025-03-31T12:50:56.087+09:00  INFO 10980 --- [ch10] [restartedMain] o.apache.catalina.core.StandardService   : Starting service [Tomcat]
2025-03-31T12:50:56.087+09:00  INFO 10980 --- [ch10] [restartedMain] o.apache.catalina.core.StandardEngine    : Starting Servlet engine: [Apache Tomcat/10.1.36]
2025-03-31T12:50:56.130+09:00  INFO 10980 --- [ch10] [restartedMain] o.a.c.c.C.[Tomcat].[localhost].[/ch10]   : Initializing Spring embedded WebApplicationContext
2025-03-31T12:50:56.131+09:00  INFO 10980 --- [ch10] [restartedMain] w.s.c.ServletWebServerApplicationContext : Root WebApplicationContext: initialization completed in 1554 ms
2025-03-31T12:50:56.298+09:00  INFO 10980 --- [ch10] [restartedMain] o.hibernate.jpa.internal.util.LogHelper  : HHH000204: Processing PersistenceUnitInfo [name: default]
2025-03-31T12:50:56.364+09:00  INFO 10980 --- [ch10] [restartedMain] org.hibernate.Version                    : HHH000412: Hibernate ORM core version 6.6.8.Final
2025-03-31T12:50:56.401+09:00  INFO 10980 --- [ch10] [restartedMain] o.h.c.internal.RegionFactoryInitiator    : HHH000026: Second-level cache disabled
2025-03-31T12:50:56.670+09:00  INFO 10980 --- [ch10] [restartedMain] o.s.o.j.p.SpringPersistenceUnitInfo      : No LoadTimeWeaver setup: ignoring JPA class transformer
2025-03-31T12:50:56.701+09:00  INFO 10980 --- [ch10] [restartedMain] com.zaxxer.hikari.HikariDataSource       : HikariPool-1 - Starting...
2025-03-31T12:50:56.966+09:00  INFO 10980 --- [ch10] [restartedMain] com.zaxxer.hikari.pool.HikariPool        : HikariPool-1 - Added connection com.mysql.cj.jdbc.ConnectionImpl@54aa8f28
2025-03-31T12:50:56.968+09:00  INFO 10980 --- [ch10] [restartedMain] com.zaxxer.hikari.HikariDataSource       : HikariPool-1 - Start completed.
2025-03-31T12:50:57.031+09:00  WARN 10980 --- [ch10] [restartedMain] org.hibernate.orm.deprecation            : HHH90000025: MySQLDialect does not need to be specified explicitly using 'hibernate.dialect' (remove the property setting and it will be selected by default)
2025-03-31T12:50:57.049+09:00  INFO 10980 --- [ch10] [restartedMain] org.hibernate.orm.connections.pooling    : HHH10001005: Database info:
	Database JDBC URL [Connecting through datasource 'HikariDataSource (HikariPool-1)']
	Database driver: undefined/unknown
	Database version: 8.4.3
	Autocommit mode: undefined/unknown
	Isolation level: undefined/unknown
	Minimum pool size: undefined/unknown
	Maximum pool size: undefined/unknown
2025-03-31T12:50:57.768+09:00  INFO 10980 --- [ch10] [restartedMain] o.h.e.t.j.p.i.JtaPlatformInitiator       : HHH000489: No JTA platform available (set 'hibernate.transaction.jta.platform' to enable JTA platform integration)
2025-03-31T12:50:57.831+09:00  INFO 10980 --- [ch10] [restartedMain] j.LocalContainerEntityManagerFactoryBean : Initialized JPA EntityManagerFactory for persistence unit 'default'
2025-03-31T12:50:58.091+09:00  INFO 10980 --- [ch10] [restartedMain] r$InitializeUserDetailsManagerConfigurer : Global AuthenticationManager configured with UserDetailsService bean with name myUserDetailsService
2025-03-31T12:50:58.126+09:00  WARN 10980 --- [ch10] [restartedMain] JpaBaseConfiguration$JpaWebConfiguration : spring.jpa.open-in-view is enabled by default. Therefore, database queries may be performed during view rendering. Explicitly configure spring.jpa.open-in-view to disable this warning
2025-03-31T12:50:58.226+09:00  INFO 10980 --- [ch10] [restartedMain] o.s.b.a.w.s.WelcomePageHandlerMapping    : Adding welcome page template: index
2025-03-31T12:50:58.664+09:00  INFO 10980 --- [ch10] [restartedMain] o.s.b.d.a.OptionalLiveReloadServer       : LiveReload server is running on port 35729
2025-03-31T12:50:58.691+09:00  INFO 10980 --- [ch10] [restartedMain] o.s.b.w.embedded.tomcat.TomcatWebServer  : Tomcat started on port 8080 (http) with context path '/ch10'
2025-03-31T12:50:58.698+09:00  INFO 10980 --- [ch10] [restartedMain] kr.co.ch10.Ch10Application               : Started Ch10Application in 4.875 seconds (process running for 5.409)
2025-03-31T12:53:22.451+09:00  INFO 10980 --- [ch10] [SpringApplicationShutdownHook] o.s.b.w.e.tomcat.GracefulShutdown        : Commencing graceful shutdown. Waiting for active requests to complete
2025-03-31T12:53:22.514+09:00  INFO 10980 --- [ch10] [tomcat-shutdown] o.s.b.w.e.tomcat.GracefulShutdown        : Graceful shutdown complete
2025-03-31T12:53:22.517+09:00  INFO 10980 --- [ch10] [SpringApplicationShutdownHook] j.LocalContainerEntityManagerFactoryBean : Closing JPA EntityManagerFactory for persistence unit 'default'
2025-03-31T12:53:22.519+09:00  INFO 10980 --- [ch10] [SpringApplicationShutdownHook] com.zaxxer.hikari.HikariDataSource       : HikariPool-1 - Shutdown initiated...
2025-03-31T12:53:22.523+09:00  INFO 10980 --- [ch10] [SpringApplicationShutdownHook] com.zaxxer.hikari.HikariDataSource       : HikariPool-1 - Shutdown completed.
