2025-03-31T12:53:33.401+09:00  INFO 4592 --- [ch09] [restartedMain] kr.co.ch09.Ch09Application               : Starting Ch09Application using Java 17.0.12 with PID 4592 (C:\Users\lotte6\Desktop\workspace\Spring\ch09\build\classes\java\main started by lotte6 in C:\Users\lotte6\Desktop\workspace\Spring\ch09)
2025-03-31T12:53:33.405+09:00  INFO 4592 --- [ch09] [restartedMain] kr.co.ch09.Ch09Application               : No active profile set, falling back to 1 default profile: "default"
2025-03-31T12:53:33.440+09:00  INFO 4592 --- [ch09] [restartedMain] .e.DevToolsPropertyDefaultsPostProcessor : Devtools property defaults active! Set 'spring.devtools.add-properties' to 'false' to disable
2025-03-31T12:53:33.440+09:00  INFO 4592 --- [ch09] [restartedMain] .e.DevToolsPropertyDefaultsPostProcessor : For additional web related logging consider setting the 'logging.level.web' property to 'DEBUG'
2025-03-31T12:53:33.959+09:00  INFO 4592 --- [ch09] [restartedMain] .s.d.r.c.RepositoryConfigurationDelegate : Bootstrapping Spring Data JPA repositories in DEFAULT mode.
2025-03-31T12:53:34.000+09:00  INFO 4592 --- [ch09] [restartedMain] .s.d.r.c.RepositoryConfigurationDelegate : Finished Spring Data repository scanning in 34 ms. Found 1 JPA repository interface.
2025-03-31T12:53:34.397+09:00  INFO 4592 --- [ch09] [restartedMain] o.s.b.w.embedded.tomcat.TomcatWebServer  : Tomcat initialized with port 8080 (http)
2025-03-31T12:53:34.406+09:00  INFO 4592 --- [ch09] [restartedMain] o.apache.catalina.core.StandardService   : Starting service [Tomcat]
2025-03-31T12:53:34.407+09:00  INFO 4592 --- [ch09] [restartedMain] o.apache.catalina.core.StandardEngine    : Starting Servlet engine: [Apache Tomcat/10.1.36]
2025-03-31T12:53:34.445+09:00  INFO 4592 --- [ch09] [restartedMain] o.a.c.c.C.[Tomcat].[localhost].[/ch09]   : Initializing Spring embedded WebApplicationContext
2025-03-31T12:53:34.446+09:00  INFO 4592 --- [ch09] [restartedMain] w.s.c.ServletWebServerApplicationContext : Root WebApplicationContext: initialization completed in 1004 ms
2025-03-31T12:53:34.553+09:00  INFO 4592 --- [ch09] [restartedMain] o.hibernate.jpa.internal.util.LogHelper  : HHH000204: Processing PersistenceUnitInfo [name: default]
2025-03-31T12:53:34.593+09:00  INFO 4592 --- [ch09] [restartedMain] org.hibernate.Version                    : HHH000412: Hibernate ORM core version 6.6.8.Final
2025-03-31T12:53:34.622+09:00  INFO 4592 --- [ch09] [restartedMain] o.h.c.internal.RegionFactoryInitiator    : HHH000026: Second-level cache disabled
2025-03-31T12:53:34.862+09:00  INFO 4592 --- [ch09] [restartedMain] o.s.o.j.p.SpringPersistenceUnitInfo      : No LoadTimeWeaver setup: ignoring JPA class transformer
2025-03-31T12:53:34.886+09:00  INFO 4592 --- [ch09] [restartedMain] com.zaxxer.hikari.HikariDataSource       : HikariPool-1 - Starting...
2025-03-31T12:53:35.095+09:00  INFO 4592 --- [ch09] [restartedMain] com.zaxxer.hikari.pool.HikariPool        : HikariPool-1 - Added connection com.mysql.cj.jdbc.ConnectionImpl@4fd0e2f6
2025-03-31T12:53:35.096+09:00  INFO 4592 --- [ch09] [restartedMain] com.zaxxer.hikari.HikariDataSource       : HikariPool-1 - Start completed.
2025-03-31T12:53:35.135+09:00  WARN 4592 --- [ch09] [restartedMain] org.hibernate.orm.deprecation            : HHH90000025: MySQLDialect does not need to be specified explicitly using 'hibernate.dialect' (remove the property setting and it will be selected by default)
2025-03-31T12:53:35.149+09:00  INFO 4592 --- [ch09] [restartedMain] org.hibernate.orm.connections.pooling    : HHH10001005: Database info:
	Database JDBC URL [Connecting through datasource 'HikariDataSource (HikariPool-1)']
	Database driver: undefined/unknown
	Database version: 8.4.3
	Autocommit mode: undefined/unknown
	Isolation level: undefined/unknown
	Minimum pool size: undefined/unknown
	Maximum pool size: undefined/unknown
2025-03-31T12:53:35.827+09:00  INFO 4592 --- [ch09] [restartedMain] o.h.e.t.j.p.i.JtaPlatformInitiator       : HHH000489: No JTA platform available (set 'hibernate.transaction.jta.platform' to enable JTA platform integration)
2025-03-31T12:53:36.022+09:00  INFO 4592 --- [ch09] [restartedMain] j.LocalContainerEntityManagerFactoryBean : Initialized JPA EntityManagerFactory for persistence unit 'default'
2025-03-31T12:53:36.226+09:00  WARN 4592 --- [ch09] [restartedMain] JpaBaseConfiguration$JpaWebConfiguration : spring.jpa.open-in-view is enabled by default. Therefore, database queries may be performed during view rendering. Explicitly configure spring.jpa.open-in-view to disable this warning
2025-03-31T12:53:36.241+09:00  INFO 4592 --- [ch09] [restartedMain] o.s.b.a.w.s.WelcomePageHandlerMapping    : Adding welcome page template: index
2025-03-31T12:53:36.516+09:00  INFO 4592 --- [ch09] [restartedMain] o.s.b.d.a.OptionalLiveReloadServer       : LiveReload server is running on port 35729
2025-03-31T12:53:36.542+09:00  INFO 4592 --- [ch09] [restartedMain] o.s.b.w.embedded.tomcat.TomcatWebServer  : Tomcat started on port 8080 (http) with context path '/ch09'
2025-03-31T12:53:36.549+09:00  INFO 4592 --- [ch09] [restartedMain] kr.co.ch09.Ch09Application               : Started Ch09Application in 3.503 seconds (process running for 3.952)
2025-03-31T12:56:31.727+09:00  INFO 4592 --- [ch09] [SpringApplicationShutdownHook] o.s.b.w.e.tomcat.GracefulShutdown        : Commencing graceful shutdown. Waiting for active requests to complete
2025-03-31T12:56:31.788+09:00  INFO 4592 --- [ch09] [tomcat-shutdown] o.s.b.w.e.tomcat.GracefulShutdown        : Graceful shutdown complete
2025-03-31T12:56:31.791+09:00  INFO 4592 --- [ch09] [SpringApplicationShutdownHook] j.LocalContainerEntityManagerFactoryBean : Closing JPA EntityManagerFactory for persistence unit 'default'
2025-03-31T12:56:31.793+09:00  INFO 4592 --- [ch09] [SpringApplicationShutdownHook] com.zaxxer.hikari.HikariDataSource       : HikariPool-1 - Shutdown initiated...
2025-03-31T12:56:31.798+09:00  INFO 4592 --- [ch09] [SpringApplicationShutdownHook] com.zaxxer.hikari.HikariDataSource       : HikariPool-1 - Shutdown completed.
